2022-08-30 17:17:00.419  INFO 1328 --- [restartedMain] c.b.Springboot03LogApplication           : Starting Springboot03LogApplication using Java 1.8.0_101 on DESKTOP-C86MLU8 with PID 1328 (D:\course\04SSM\code\springboot\springboot03-log\target\classes started by NINGMEI in D:\course\04SSM\code\springboot\springboot03-log)
2022-08-30 17:17:00.419  INFO 1328 --- [restartedMain] c.b.Springboot03LogApplication           : No active profile set, falling back to 1 default profile: "default"
2022-08-30 17:17:00.447  INFO 1328 --- [restartedMain] .e.DevToolsPropertyDefaultsPostProcessor : Devtools property defaults active! Set 'spring.devtools.add-properties' to 'false' to disable
2022-08-30 17:17:00.448  INFO 1328 --- [restartedMain] .e.DevToolsPropertyDefaultsPostProcessor : For additional web related logging consider setting the 'logging.level.web' property to 'DEBUG'
2022-08-30 17:17:01.000  INFO 1328 --- [restartedMain] o.s.b.w.embedded.tomcat.TomcatWebServer  : Tomcat initialized with port(s): 8080 (http)
2022-08-30 17:17:01.005  INFO 1328 --- [restartedMain] o.apache.catalina.core.StandardService   : Starting service [Tomcat]
2022-08-30 17:17:01.006  INFO 1328 --- [restartedMain] org.apache.catalina.core.StandardEngine  : Starting Servlet engine: [Apache Tomcat/9.0.65]
2022-08-30 17:17:01.038  INFO 1328 --- [restartedMain] o.a.c.c.C.[Tomcat].[localhost].[/]       : Initializing Spring embedded WebApplicationContext
2022-08-30 17:17:01.039  INFO 1328 --- [restartedMain] w.s.c.ServletWebServerApplicationContext : Root WebApplicationContext: initialization completed in 591 ms
2022-08-30 17:17:01.213  INFO 1328 --- [restartedMain] o.s.b.d.a.OptionalLiveReloadServer       : LiveReload server is running on port 35729
2022-08-30 17:17:01.232  INFO 1328 --- [restartedMain] o.s.b.w.embedded.tomcat.TomcatWebServer  : Tomcat started on port(s): 8080 (http) with context path ''
2022-08-30 17:17:01.238  INFO 1328 --- [restartedMain] c.b.Springboot03LogApplication           : Started Springboot03LogApplication in 1.072 seconds (JVM running for 1.619)
2022-08-30 17:17:05.689  INFO 1328 --- [http-nio-8080-exec-1] o.a.c.c.C.[Tomcat].[localhost].[/]       : Initializing Spring DispatcherServlet 'dispatcherServlet'
2022-08-30 17:17:05.689  INFO 1328 --- [http-nio-8080-exec-1] o.s.web.servlet.DispatcherServlet        : Initializing Servlet 'dispatcherServlet'
2022-08-30 17:17:05.689  INFO 1328 --- [http-nio-8080-exec-1] o.s.web.servlet.DispatcherServlet        : Completed initialization in 0 ms
2022-08-30 17:17:05.702 ERROR 1328 --- [http-nio-8080-exec-1] c.bjpowernode.controller.LogController   : error级别的日志...
2022-08-30 17:17:05.702  WARN 1328 --- [http-nio-8080-exec-1] c.bjpowernode.controller.LogController   : warn级别的日志...
2022-08-30 17:17:05.702  INFO 1328 --- [http-nio-8080-exec-1] c.bjpowernode.controller.LogController   : info级别的日志...
2022-08-30 17:17:05.702 DEBUG 1328 --- [http-nio-8080-exec-1] c.bjpowernode.controller.LogController   : debug级别的日志...
2022-08-30 17:17:05.702 TRACE 1328 --- [http-nio-8080-exec-1] c.bjpowernode.controller.LogController   : trace级别的日志...
2022-08-30 17:17:56.304  INFO 24984 --- [restartedMain] c.b.Springboot03LogApplication           : Starting Springboot03LogApplication using Java 1.8.0_101 on DESKTOP-C86MLU8 with PID 24984 (D:\course\04SSM\code\springboot\springboot03-log\target\classes started by NINGMEI in D:\course\04SSM\code\springboot\springboot03-log)
2022-08-30 17:17:56.306  INFO 24984 --- [restartedMain] c.b.Springboot03LogApplication           : No active profile set, falling back to 1 default profile: "default"
2022-08-30 17:17:56.335  INFO 24984 --- [restartedMain] .e.DevToolsPropertyDefaultsPostProcessor : Devtools property defaults active! Set 'spring.devtools.add-properties' to 'false' to disable
2022-08-30 17:17:56.336  INFO 24984 --- [restartedMain] .e.DevToolsPropertyDefaultsPostProcessor : For additional web related logging consider setting the 'logging.level.web' property to 'DEBUG'
2022-08-30 17:17:56.872  INFO 24984 --- [restartedMain] o.s.b.w.embedded.tomcat.TomcatWebServer  : Tomcat initialized with port(s): 8080 (http)
2022-08-30 17:17:56.877  INFO 24984 --- [restartedMain] o.apache.catalina.core.StandardService   : Starting service [Tomcat]
2022-08-30 17:17:56.877  INFO 24984 --- [restartedMain] org.apache.catalina.core.StandardEngine  : Starting Servlet engine: [Apache Tomcat/9.0.65]
2022-08-30 17:17:56.909  INFO 24984 --- [restartedMain] o.a.c.c.C.[Tomcat].[localhost].[/]       : Initializing Spring embedded WebApplicationContext
2022-08-30 17:17:56.909  INFO 24984 --- [restartedMain] w.s.c.ServletWebServerApplicationContext : Root WebApplicationContext: initialization completed in 573 ms
2022-08-30 17:17:57.088  INFO 24984 --- [restartedMain] o.s.b.d.a.OptionalLiveReloadServer       : LiveReload server is running on port 35729
2022-08-30 17:17:57.105  INFO 24984 --- [restartedMain] o.s.b.w.embedded.tomcat.TomcatWebServer  : Tomcat started on port(s): 8080 (http) with context path ''
2022-08-30 17:17:57.111  INFO 24984 --- [restartedMain] c.b.Springboot03LogApplication           : Started Springboot03LogApplication in 1.061 seconds (JVM running for 1.549)
2022-08-30 17:17:59.473  INFO 24984 --- [http-nio-8080-exec-1] o.a.c.c.C.[Tomcat].[localhost].[/]       : Initializing Spring DispatcherServlet 'dispatcherServlet'
2022-08-30 17:17:59.473  INFO 24984 --- [http-nio-8080-exec-1] o.s.web.servlet.DispatcherServlet        : Initializing Servlet 'dispatcherServlet'
2022-08-30 17:17:59.473  INFO 24984 --- [http-nio-8080-exec-1] o.s.web.servlet.DispatcherServlet        : Completed initialization in 0 ms
2022-08-30 17:17:59.485 ERROR 24984 --- [http-nio-8080-exec-1] c.bjpowernode.controller.LogController   : error级别的日志...
2022-08-30 17:17:59.486  WARN 24984 --- [http-nio-8080-exec-1] c.bjpowernode.controller.LogController   : warn级别的日志...
2022-08-30 17:17:59.486  INFO 24984 --- [http-nio-8080-exec-1] c.bjpowernode.controller.LogController   : info级别的日志...
2022-08-30 17:17:59.486 DEBUG 24984 --- [http-nio-8080-exec-1] c.bjpowernode.controller.LogController   : debug级别的日志...
2022-08-30 17:17:59.486 TRACE 24984 --- [http-nio-8080-exec-1] c.bjpowernode.controller.LogController   : trace级别的日志...
